2016-05-08 17:26:18,742 [Worker-3] INFO  o.e.m.c.i.l.LifecycleMappingFactory - Using org.eclipse.m2e.jdt.JarLifecycleMapping lifecycle mapping for MavenProject: Esiea_slasse34:Project:1.0-SNAPSHOT @ C:\Users\Imran\workspace\Pokemon\pom.xml.
2016-05-08 17:26:18,746 [Worker-2] INFO  o.e.m.c.i.l.LifecycleMappingFactory - Using org.eclipse.m2e.jdt.JarLifecycleMapping lifecycle mapping for MavenProject: Esiea_slasse34:Project:1.0-SNAPSHOT @ C:\Users\Imran\workspace\Pokemon\pom.xml.
2016-05-08 17:26:23,779 [Worker-3] INFO  o.e.m.c.i.embedder.EclipseLogger - Using 'UTF-8' encoding to copy filtered resources.
2016-05-08 17:26:23,789 [Worker-3] INFO  o.e.m.c.i.embedder.EclipseLogger - Copying 14 resources
2016-05-08 17:26:23,945 [Worker-3] INFO  o.e.m.c.i.embedder.EclipseLogger - Using 'UTF-8' encoding to copy filtered resources.
2016-05-08 17:26:23,947 [Worker-3] INFO  o.e.m.c.i.embedder.EclipseLogger - Copying 0 resource
2016-05-08 17:26:26,024 [Worker-1] INFO  o.e.m.c.i.l.LifecycleMappingFactory - Using org.eclipse.m2e.jdt.JarLifecycleMapping lifecycle mapping for MavenProject: Esiea_slasse34:Project:1.0-SNAPSHOT @ C:\Users\Imran\workspace\Pokemon\pom.xml.
2016-05-08 17:26:27,827 [Worker-7] INFO  o.e.m.c.i.embedder.EclipseLogger - Using 'UTF-8' encoding to copy filtered resources.
2016-05-08 17:26:27,832 [Worker-7] INFO  o.e.m.c.i.embedder.EclipseLogger - Copying 14 resources
2016-05-08 17:26:28,138 [Worker-7] INFO  o.e.m.c.i.embedder.EclipseLogger - Using 'UTF-8' encoding to copy filtered resources.
2016-05-08 17:26:28,138 [Worker-7] INFO  o.e.m.c.i.embedder.EclipseLogger - Copying 0 resource
2016-05-08 17:26:54,087 [Worker-6] INFO  o.e.m.c.i.embedder.EclipseLogger - Using 'UTF-8' encoding to copy filtered resources.
2016-05-08 17:26:54,087 [Worker-6] INFO  o.e.m.c.i.embedder.EclipseLogger - Copying 0 resource
2016-05-08 17:26:54,089 [Worker-6] INFO  o.e.m.c.i.embedder.EclipseLogger - Using 'UTF-8' encoding to copy filtered resources.
2016-05-08 17:26:54,089 [Worker-6] INFO  o.e.m.c.i.embedder.EclipseLogger - Copying 0 resource
2016-05-08 17:27:01,154 [main] INFO  c.g.t.t.d.PublishedGradleVersions - Gradle version information cache file is not out-of-date. No remote download required.
2016-05-08 18:29:23,014 [Worker-13] INFO  o.e.m.c.i.embedder.EclipseLogger - Using 'UTF-8' encoding to copy filtered resources.
2016-05-08 18:29:23,051 [Worker-13] INFO  o.e.m.c.i.embedder.EclipseLogger - Copying 14 resources
2016-05-08 18:29:23,606 [Worker-13] INFO  o.e.m.c.i.embedder.EclipseLogger - Using 'UTF-8' encoding to copy filtered resources.
2016-05-08 18:29:23,607 [Worker-13] INFO  o.e.m.c.i.embedder.EclipseLogger - Copying 0 resource
2016-05-08 18:29:30,312 [main] INFO  c.g.t.t.d.PublishedGradleVersions - Gradle version information cache file is not out-of-date. No remote download required.
2016-05-08 18:32:22,068 [Worker-11] INFO  o.e.m.c.i.embedder.EclipseLogger - Using 'UTF-8' encoding to copy filtered resources.
2016-05-08 18:32:22,108 [Worker-11] INFO  o.e.m.c.i.embedder.EclipseLogger - Copying 14 resources
2016-05-08 18:32:22,937 [Worker-11] INFO  o.e.m.c.i.embedder.EclipseLogger - Using 'UTF-8' encoding to copy filtered resources.
2016-05-08 18:32:22,938 [Worker-11] INFO  o.e.m.c.i.embedder.EclipseLogger - Copying 0 resource
2016-05-08 18:33:17,084 [main] INFO  c.g.t.t.d.PublishedGradleVersions - Gradle version information cache file is not out-of-date. No remote download required.
2016-05-08 18:33:47,369 [Worker-10] INFO  o.e.m.c.i.embedder.EclipseLogger - Using 'UTF-8' encoding to copy filtered resources.
2016-05-08 18:33:47,370 [Worker-10] INFO  o.e.m.c.i.embedder.EclipseLogger - Copying 14 resources
2016-05-08 18:33:47,423 [Worker-10] INFO  o.e.m.c.i.embedder.EclipseLogger - Using 'UTF-8' encoding to copy filtered resources.
2016-05-08 18:33:47,423 [Worker-10] INFO  o.e.m.c.i.embedder.EclipseLogger - Copying 0 resource
2016-05-08 18:35:31,790 [Worker-12] INFO  o.e.m.c.i.embedder.EclipseLogger - Using 'UTF-8' encoding to copy filtered resources.
2016-05-08 18:35:31,791 [Worker-12] INFO  o.e.m.c.i.embedder.EclipseLogger - Copying 14 resources
2016-05-08 18:35:31,847 [Worker-12] INFO  o.e.m.c.i.embedder.EclipseLogger - Using 'UTF-8' encoding to copy filtered resources.
2016-05-08 18:35:31,847 [Worker-12] INFO  o.e.m.c.i.embedder.EclipseLogger - Copying 0 resource
2016-05-08 18:56:38,270 [Worker-9] INFO  o.e.m.c.i.embedder.EclipseLogger - Using 'UTF-8' encoding to copy filtered resources.
2016-05-08 18:56:38,279 [Worker-9] INFO  o.e.m.c.i.embedder.EclipseLogger - Copying 14 resources
2016-05-08 18:56:38,474 [Worker-9] INFO  o.e.m.c.i.embedder.EclipseLogger - Using 'UTF-8' encoding to copy filtered resources.
2016-05-08 18:56:38,481 [Worker-9] INFO  o.e.m.c.i.embedder.EclipseLogger - Copying 0 resource
2016-05-08 19:58:39,675 [main] INFO  c.g.t.t.d.PublishedGradleVersions - Gradle version information cache file is not out-of-date. No remote download required.
2016-05-08 19:58:44,577 [Worker-5] INFO  o.e.m.c.i.embedder.EclipseLogger - Using 'UTF-8' encoding to copy filtered resources.
2016-05-08 19:58:44,583 [Worker-5] INFO  o.e.m.c.i.embedder.EclipseLogger - Copying 14 resources
2016-05-08 19:58:44,593 [Worker-5] INFO  o.e.m.c.i.embedder.EclipseLogger - Using 'UTF-8' encoding to copy filtered resources.
2016-05-08 19:58:44,593 [Worker-5] INFO  o.e.m.c.i.embedder.EclipseLogger - Copying 0 resource
2016-05-08 20:00:04,453 [Worker-6] INFO  o.e.m.c.i.embedder.EclipseLogger - Using 'UTF-8' encoding to copy filtered resources.
2016-05-08 20:00:04,461 [Worker-6] INFO  o.e.m.c.i.embedder.EclipseLogger - Copying 13 resources
2016-05-08 20:00:04,475 [Worker-6] INFO  o.e.m.c.i.embedder.EclipseLogger - Using 'UTF-8' encoding to copy filtered resources.
2016-05-08 20:00:04,475 [Worker-6] INFO  o.e.m.c.i.embedder.EclipseLogger - Copying 0 resource
2016-05-08 20:11:26,791 [main] INFO  c.g.t.t.d.PublishedGradleVersions - Gradle version information cache file is not out-of-date. No remote download required.
2016-05-08 20:15:08,102 [main] INFO  c.g.t.t.d.PublishedGradleVersions - Gradle version information cache file is not out-of-date. No remote download required.
2016-05-08 20:23:52,152 [main] INFO  c.g.t.t.d.PublishedGradleVersions - Gradle version information cache file is not out-of-date. No remote download required.
2016-05-08 22:22:57,374 [main] INFO  c.g.t.t.d.PublishedGradleVersions - Gradle version information cache file is not out-of-date. No remote download required.
2016-05-08 22:42:22,088 [Worker-28] INFO  o.e.m.c.i.embedder.EclipseLogger - Using 'UTF-8' encoding to copy filtered resources.
2016-05-08 22:42:22,113 [Worker-28] INFO  o.e.m.c.i.embedder.EclipseLogger - Copying 14 resources
2016-05-08 22:42:22,130 [Worker-28] INFO  o.e.m.c.i.embedder.EclipseLogger - Using 'UTF-8' encoding to copy filtered resources.
2016-05-08 22:42:22,131 [Worker-28] INFO  o.e.m.c.i.embedder.EclipseLogger - Copying 0 resource
2016-05-08 22:44:19,777 [main] INFO  c.g.t.t.d.PublishedGradleVersions - Gradle version information cache file is not out-of-date. No remote download required.
2016-05-09 19:08:57,577 [main] INFO  c.g.t.t.d.PublishedGradleVersions - Gradle version information cache file is out-of-date. Remote download required.
2016-05-09 19:20:51,370 [Worker-14] INFO  o.e.m.c.i.embedder.EclipseLogger - Using 'UTF-8' encoding to copy filtered resources.
2016-05-09 19:20:51,376 [Worker-14] INFO  o.e.m.c.i.embedder.EclipseLogger - Copying 14 resources
2016-05-09 19:20:51,411 [Worker-14] INFO  o.e.m.c.i.embedder.EclipseLogger - Using 'UTF-8' encoding to copy filtered resources.
2016-05-09 19:20:51,413 [Worker-14] INFO  o.e.m.c.i.embedder.EclipseLogger - Copying 0 resource
2016-05-09 19:21:22,294 [Worker-13] INFO  o.e.m.c.i.embedder.EclipseLogger - Using 'UTF-8' encoding to copy filtered resources.
2016-05-09 19:21:22,300 [Worker-13] INFO  o.e.m.c.i.embedder.EclipseLogger - Copying 13 resources
2016-05-09 19:21:22,303 [Worker-13] INFO  o.e.m.c.i.embedder.EclipseLogger - Using 'UTF-8' encoding to copy filtered resources.
2016-05-09 19:21:22,303 [Worker-13] INFO  o.e.m.c.i.embedder.EclipseLogger - Copying 0 resource
